[debug] [2024-07-06T05:32:12.054Z] ----------------------------------------------------------------------
[debug] [2024-07-06T05:32:12.070Z] Command:       /system/bin/app_process64 /data/user/0/io.spck.editor.node/app_local/npm-global/bin/firebase login
[debug] [2024-07-06T05:32:12.075Z] CLI Version:   13.13.0
[debug] [2024-07-06T05:32:12.079Z] Platform:      android
[debug] [2024-07-06T05:32:12.080Z] Node Version:  v18.17.1
[debug] [2024-07-06T05:32:12.086Z] Time:          Sat Jul 06 2024 13:32:12 GMT+0800 (Philippine Standard Time)
[debug] [2024-07-06T05:32:12.088Z] ----------------------------------------------------------------------
[debug] 
[info] i  Firebase optionally collects CLI and Emulator Suite usage and error reporting information to help improve our products. Data is collected in accordance with Google's privacy policy (https://policies.google.com/privacy) and is not used to identify you.
 
[info] i  To change your data collection preference at any time, run `firebase logout` and log in again. 
[info] 
[info] Visit this URL on this device to log in:
[info] https://accounts.google.com/o/oauth2/auth?client_id=563584335869-fgrhgmd47bqnekij5i8b5pr03ho849e6.apps.googleusercontent.com&scope=email%20openid%20https%3A%2F%2Fwww.googleapis.com%2Fauth%2Fcloudplatformprojects.readonly%20https%3A%2F%2Fwww.googleapis.com%2Fauth%2Ffirebase%20https%3A%2F%2Fwww.googleapis.com%2Fauth%2Fcloud-platform&response_type=code&state=210365330&redirect_uri=http%3A%2F%2Flocalhost%3A9005
[info]npm install -g webpack-cli
[info] Waiting for authentication...
[debug] [2024-07-06T05:32:29.986Z] Error: spawn xdg-open ENOENT
    at ChildProcess._handle.onexit (node:internal/child_process:283:19)
    at onErrorNT (node:internal/child_process:476:16)
    at process.processTicksAndRejections (node:internal/process/task_queues:82:21)
[error] 
[error] Error: An unexpected error has occurred.
[debug] [2024-07-06T05:33:00.041Z] ----------------------------------------------------------------------
[debug] [2024-07-06T05:33:00.056Z] Command:       /system/bin/app_process64 /data/user/0/io.spck.editor.node/app_local/npm-global/bin/firebase login
[debug] [2024-07-06T05:33:00.060Z] CLI Version:   13.13.0
[debug] [2024-07-06T05:33:00.063Z] Platform:      android
[debug] [2024-07-06T05:33:00.063Z] Node Version:  v18.17.1
[debug] [2024-07-06T05:33:00.067Z] Time:          Sat Jul 06 2024 13:33:00 GMT+0800 (Philippine Standard Time)
[debug] [2024-07-06T05:33:00.069Z] ----------------------------------------------------------------------
[debug] 
[info] i  Firebase optionally collects CLI and Emulator Suite usage and error reporting information to help improve our products. Data is collected in accordance with Google's privacy policy (https://policies.google.com/privacy) and is not used to identify you.
 
[info] i  To change your data collection preference at any time, run `firebase logout` and log in again. 
[info] 
[info] Visit this URL on this device to log in:
[info] https://accounts.google.com/o/oauth2/auth?client_id=563584335869-fgrhgmd47bqnekij5i8b5pr03ho849e6.apps.googleusercontent.com&scope=email%20openid%20https%3A%2F%2Fwww.googleapis.com%2Fauth%2Fcloudplatformprojects.readonly%20https%3A%2F%2Fwww.googleapis.com%2Fauth%2Ffirebase%20https%3A%2F%2Fwww.googleapis.com%2Fauth%2Fcloud-platform&response_type=code&state=998330190&redirect_uri=http%3A%2F%2Flocalhost%3A9005
[info] 
[info] Waiting for authentication...
[debug] [2024-07-06T05:33:05.598Z] Error: spawn xdg-open ENOENT
    at ChildProcess._handle.onexit (node:internal/child_process:283:19)
    at onErrorNT (node:internal/child_process:476:16)
    at process.processTicksAndRejections (node:internal/process/task_queues:82:21)
[error] 
[error] Error: An unexpected error has occurred.
